2021-06-12 18:23:41,756 hereere
2021-06-12 18:23:41,772  * Debugger pin code: 608-213-007
2021-06-12 18:23:50,662 here
2021-06-12 18:23:50,669 Bad request asdfasdf
2021-06-12 18:23:50,670 127.0.0.1 - - [12/Jun/2021 18:23:50] "POST /api/assignment HTTP/1.1" 200 -
2021-06-12 18:26:35,158  * Detected change in '/Users/reedperkins/Library/Mobile Documents/com~apple~CloudDocs/thesis-survey2/Server/server.py', reloading
here
Bad request asdfasdf
here
Bad request asdfasdf
here
here
Bad request asdfasdf
here
here
dispatching assignment3.pdf
here
Bad request {"email": "0", "option": "first"}
here
Bad request {"email": "1", "option": "first"}
here
Bad request {"email": "2", "option": "first"}
here
Bad request {"email": "3", "option": "first"}
here
Bad request {"email": "4", "option": "first"}
here
Bad request {"email": "5", "option": "first"}
here
Bad request {"email": "6", "option": "first"}
here
Bad request {"email": "7", "option": "first"}
here
Bad request {"email": "8", "option": "first"}
here
Bad request {"email": "9", "option": "first"}
here
Bad request {"email": "10", "option": "first"}
here
Bad request {"email": "11", "option": "first"}
here
Bad request {"email": "12", "option": "first"}
here
Bad request {"email": "13", "option": "first"}
here
Bad request {"email": "14", "option": "first"}
here
Bad request {"email": "15", "option": "first"}
here
Bad request {"email": "16", "option": "first"}
here
Bad request {"email": "17", "option": "first"}
here
Bad request {"email": "18", "option": "first"}
here
Bad request {"email": "19", "option": "first"}
here
Bad request {"email": "20", "option": "first"}
here
Bad request {"email": "21", "option": "first"}
here
Bad request {"email": "22", "option": "first"}
here
Bad request {"email": "23", "option": "first"}
here
Bad request {"email": "24", "option": "first"}
here
Bad request {"email": "25", "option": "first"}
here
Bad request {"email": "26", "option": "first"}
here
Bad request {"email": "27", "option": "first"}
here
Bad request {"email": "28", "option": "first"}
here
Bad request {"email": "29", "option": "first"}
here
Bad request {"email": "30", "option": "first"}
here
Bad request {"email": "31", "option": "first"}
here
Bad request {"email": "32", "option": "first"}
here
Bad request {"email": "33", "option": "first"}
here
Bad request {"email": "34", "option": "first"}
here
Bad request {"email": "35", "option": "first"}
here
Bad request {"email": "36", "option": "first"}
here
Bad request {"email": "37", "option": "first"}
here
Bad request {"email": "38", "option": "first"}
here
Bad request {"email": "39", "option": "first"}
here
Bad request {"email": "40", "option": "first"}
here
Bad request {"email": "41", "option": "first"}
here
Bad request {"email": "42", "option": "first"}
here
Bad request {"email": "43", "option": "first"}
here
Bad request {"email": "44", "option": "first"}
here
Bad request {"email": "45", "option": "first"}
here
Bad request {"email": "46", "option": "first"}
here
Bad request {"email": "47", "option": "first"}
here
Bad request {"email": "48", "option": "first"}
here
Bad request {"email": "49", "option": "first"}
here
Bad request {"email": "50", "option": "first"}
here
Bad request {"email": "51", "option": "first"}
here
Bad request {"email": "52", "option": "first"}
here
Bad request {"email": "53", "option": "first"}
here
Bad request {"email": "54", "option": "first"}
here
Bad request {"email": "55", "option": "first"}
here
Bad request {"email": "56", "option": "first"}
here
Bad request {"email": "57", "option": "first"}
here
Bad request {"email": "58", "option": "first"}
here
Bad request {"email": "59", "option": "first"}
here
Bad request {"email": "60", "option": "first"}
here
Bad request {"email": "61", "option": "first"}
here
Bad request {"email": "62", "option": "first"}
here
Bad request {"email": "63", "option": "first"}
here
Bad request {"email": "64", "option": "first"}
here
Bad request {"email": "65", "option": "first"}
here
Bad request {"email": "66", "option": "first"}
here
Bad request {"email": "67", "option": "first"}
here
Bad request {"email": "68", "option": "first"}
here
Bad request {"email": "69", "option": "first"}
here
Bad request {"email": "70", "option": "first"}
here
Bad request {"email": "71", "option": "first"}
here
Bad request {"email": "72", "option": "first"}
here
Bad request {"email": "73", "option": "first"}
here
Bad request {"email": "74", "option": "first"}
here
Bad request {"email": "75", "option": "first"}
here
Bad request {"email": "76", "option": "first"}
here
Bad request {"email": "77", "option": "first"}
here
Bad request {"email": "78", "option": "first"}
here
Bad request {"email": "79", "option": "first"}
here
Bad request {"email": "80", "option": "first"}
here
Bad request {"email": "81", "option": "first"}
here
Bad request {"email": "82", "option": "first"}
here
Bad request {"email": "83", "option": "first"}
here
Bad request {"email": "84", "option": "first"}
here
Bad request {"email": "85", "option": "first"}
here
Bad request {"email": "86", "option": "first"}
here
Bad request {"email": "87", "option": "first"}
here
Bad request {"email": "88", "option": "first"}
here
Bad request {"email": "89", "option": "first"}
here
Bad request {"email": "90", "option": "first"}
here
Bad request {"email": "91", "option": "first"}
here
Bad request {"email": "92", "option": "first"}
here
Bad request {"email": "93", "option": "first"}
here
Bad request {"email": "94", "option": "first"}
here
Bad request {"email": "95", "option": "first"}
here
Bad request {"email": "96", "option": "first"}
here
Bad request {"email": "97", "option": "first"}
here
Bad request {"email": "98", "option": "first"}
here
Bad request {"email": "99", "option": "first"}
here
Bad request {"email": "0", "option": "first"}
here
Bad request {"email": "1", "option": "first"}
here
Bad request {"email": "2", "option": "first"}
here
Bad request {"email": "3", "option": "first"}
here
Bad request {"email": "4", "option": "first"}
here
Bad request {"email": "5", "option": "first"}
here
Bad request {"email": "6", "option": "first"}
here
Bad request {"email": "7", "option": "first"}
here
Bad request {"email": "8", "option": "first"}
here
Bad request {"email": "9", "option": "first"}
here
Bad request {"email": "10", "option": "first"}
here
Bad request {"email": "11", "option": "first"}
here
Bad request {"email": "12", "option": "first"}
here
Bad request {"email": "13", "option": "first"}
here
Bad request {"email": "14", "option": "first"}
here
Bad request {"email": "15", "option": "first"}
here
Bad request {"email": "16", "option": "first"}
here
Bad request {"email": "17", "option": "first"}
here
Bad request {"email": "18", "option": "first"}
here
Bad request {"email": "19", "option": "first"}
here
Bad request {"email": "20", "option": "first"}
here
Bad request {"email": "21", "option": "first"}
here
Bad request {"email": "22", "option": "first"}
here
Bad request {"email": "23", "option": "first"}
here
Bad request {"email": "24", "option": "first"}
here
Bad request {"email": "25", "option": "first"}
here
Bad request {"email": "26", "option": "first"}
here
Bad request {"email": "27", "option": "first"}
here
Bad request {"email": "28", "option": "first"}
here
Bad request {"email": "29", "option": "first"}
here
Bad request {"email": "30", "option": "first"}
here
Bad request {"email": "31", "option": "first"}
here
Bad request {"email": "32", "option": "first"}
here
Bad request {"email": "33", "option": "first"}
here
Bad request {"email": "34", "option": "first"}
here
Bad request {"email": "35", "option": "first"}
here
Bad request {"email": "36", "option": "first"}
here
Bad request {"email": "37", "option": "first"}
here
Bad request {"email": "38", "option": "first"}
here
Bad request {"email": "39", "option": "first"}
here
Bad request {"email": "40", "option": "first"}
here
Bad request {"email": "41", "option": "first"}
here
Bad request {"email": "42", "option": "first"}
here
Bad request {"email": "43", "option": "first"}
here
Bad request {"email": "44", "option": "first"}
here
Bad request {"email": "45", "option": "first"}
here
Bad request {"email": "46", "option": "first"}
here
Bad request {"email": "47", "option": "first"}
here
Bad request {"email": "48", "option": "first"}
here
Bad request {"email": "49", "option": "first"}
here
Bad request {"email": "50", "option": "first"}
here
Bad request {"email": "51", "option": "first"}
here
Bad request {"email": "52", "option": "first"}
here
Bad request {"email": "53", "option": "first"}
here
Bad request {"email": "54", "option": "first"}
here
Bad request {"email": "55", "option": "first"}
here
Bad request {"email": "56", "option": "first"}
here
Bad request {"email": "57", "option": "first"}
here
Bad request {"email": "58", "option": "first"}
here
Bad request {"email": "59", "option": "first"}
here
Bad request {"email": "60", "option": "first"}
here
Bad request {"email": "61", "option": "first"}
here
Bad request {"email": "62", "option": "first"}
here
Bad request {"email": "63", "option": "first"}
here
Bad request {"email": "64", "option": "first"}
here
Bad request {"email": "65", "option": "first"}
here
Bad request {"email": "66", "option": "first"}
here
Bad request {"email": "67", "option": "first"}
here
Bad request {"email": "68", "option": "first"}
here
Bad request {"email": "69", "option": "first"}
here
Bad request {"email": "70", "option": "first"}
here
Bad request {"email": "71", "option": "first"}
here
Bad request {"email": "72", "option": "first"}
here
Bad request {"email": "73", "option": "first"}
here
Bad request {"email": "74", "option": "first"}
here
Bad request {"email": "75", "option": "first"}
here
Bad request {"email": "76", "option": "first"}
here
Bad request {"email": "77", "option": "first"}
here
Bad request {"email": "78", "option": "first"}
here
Bad request {"email": "79", "option": "first"}
here
Bad request {"email": "80", "option": "first"}
here
Bad request {"email": "81", "option": "first"}
here
Bad request {"email": "82", "option": "first"}
here
Bad request {"email": "83", "option": "first"}
here
Bad request {"email": "84", "option": "first"}
here
Bad request {"email": "85", "option": "first"}
here
Bad request {"email": "86", "option": "first"}
here
Bad request {"email": "87", "option": "first"}
here
Bad request {"email": "88", "option": "first"}
here
Bad request {"email": "89", "option": "first"}
here
Bad request {"email": "90", "option": "first"}
here
Bad request {"email": "91", "option": "first"}
here
Bad request {"email": "92", "option": "first"}
here
Bad request {"email": "93", "option": "first"}
here
Bad request {"email": "94", "option": "first"}
here
Bad request {"email": "95", "option": "first"}
here
Bad request {"email": "96", "option": "first"}
here
Bad request {"email": "97", "option": "first"}
here
Bad request {"email": "98", "option": "first"}
here
Bad request {"email": "99", "option": "first"}
here
dispatching assignment1.pdf
here
dispatching assignment1.pdf
here
dispatching assignment1.pdf
here
dispatching assignment2.pdf
here
dispatching assignment2.pdf
here
dispatching assignment2.pdf
here
dispatching assignment3.pdf
here
dispatching assignment3.pdf
here
dispatching assignment3.pdf
here
dispatching assignment4.pdf
here
dispatching assignment4.pdf
here
dispatching assignment4.pdf
here
dispatching assignment5.pdf
here
dispatching assignment5.pdf
here
dispatching assignment5.pdf
here
dispatching assignment6.pdf
here
dispatching assignment6.pdf
here
dispatching assignment6.pdf
here
dispatching assignment7.pdf
here
dispatching assignment7.pdf
here
dispatching assignment7.pdf
here
dispatching assignment8.pdf
here
dispatching assignment8.pdf
here
dispatching assignment8.pdf
here
dispatching assignment9.pdf
here
dispatching assignment9.pdf
here
dispatching assignment9.pdf
here
dispatching assignment10.pdf
here
dispatching assignment10.pdf
here
dispatching assignment10.pdf
here
dispatching assignment11.pdf
here
dispatching assignment11.pdf
here
dispatching assignment11.pdf
here
dispatching assignment12.pdf
here
dispatching assignment12.pdf
here
dispatching assignment12.pdf
here
dispatching assignment13.pdf
here
dispatching assignment13.pdf
here
dispatching assignment13.pdf
here
dispatching assignment14.pdf
here
dispatching assignment14.pdf
here
dispatching assignment14.pdf
here
dispatching assignment15.pdf
here
dispatching assignment15.pdf
here
dispatching assignment15.pdf
here
dispatching assignment16.pdf
here
dispatching assignment16.pdf
here
dispatching assignment16.pdf
here
dispatching assignment17.pdf
here
dispatching assignment17.pdf
here
dispatching assignment17.pdf
here
dispatching assignment18.pdf
here
dispatching assignment18.pdf
here
dispatching assignment18.pdf
here
dispatching assignment19.pdf
here
dispatching assignment19.pdf
here
dispatching assignment19.pdf
here
dispatching assignment20.pdf
here
dispatching assignment20.pdf
here
dispatching assignment20.pdf
here
dispatching assignment21.pdf
here
dispatching assignment21.pdf
here
dispatching assignment21.pdf
here
dispatching assignment22.pdf
here
dispatching assignment22.pdf
here
dispatching assignment22.pdf
here
dispatching assignment23.pdf
here
dispatching assignment23.pdf
here
dispatching assignment23.pdf
here
dispatching assignment24.pdf
here
dispatching assignment24.pdf
here
dispatching assignment24.pdf
here
dispatching assignment25.pdf
here
dispatching assignment25.pdf
here
dispatching assignment25.pdf
here
dispatching assignment26.pdf
here
dispatching assignment26.pdf
here
dispatching assignment26.pdf
here
dispatching assignment27.pdf
here
dispatching assignment27.pdf
here
dispatching assignment27.pdf
here
dispatching assignment28.pdf
here
dispatching assignment28.pdf
here
dispatching assignment28.pdf
here
dispatching assignment29.pdf
here
dispatching assignment29.pdf
here
dispatching assignment29.pdf
here
dispatching assignment30.pdf
here
dispatching assignment30.pdf
here
dispatching assignment30.pdf
here
dispatching assignment31.pdf
here
dispatching assignment31.pdf
here
dispatching assignment31.pdf
here
dispatching assignment32.pdf
here
dispatching assignment32.pdf
here
dispatching assignment32.pdf
here
dispatching assignment1.pdf
here
dispatching assignment1.pdf
here
dispatching assignment1.pdf
here
dispatching assignment2.pdf
here
dispatching assignment1.pdf
